{"/Users/ziterz/Documents/IKEA/MERN-IKEA-app/server/src/app.ts": {"path":"/Users/ziterz/Documents/IKEA/MERN-IKEA-app/server/src/app.ts","statementMap":{"0":{"start":{"line":1,"column":0},"end":{"line":1,"column":65}},"1":{"start":{"line":2,"column":0},"end":{"line":2,"column":32}},"2":{"start":{"line":3,"column":0},"end":{"line":3,"column":41}},"3":{"start":{"line":4,"column":0},"end":{"line":4,"column":24}},"4":{"start":{"line":5,"column":0},"end":{"line":5,"column":33}},"5":{"start":{"line":6,"column":0},"end":{"line":6,"column":41}},"6":{"start":{"line":7,"column":0},"end":{"line":7,"column":39}},"7":{"start":{"line":8,"column":0},"end":{"line":8,"column":33}},"8":{"start":{"line":9,"column":0},"end":{"line":9,"column":35}},"9":{"start":{"line":10,"column":0},"end":{"line":10,"column":58}},"10":{"start":{"line":12,"column":25},"end":{"line":12,"column":34}},"11":{"start":{"line":14,"column":20},"end":{"line":19,"column":2}},"12":{"start":{"line":21,"column":16},"end":{"line":24,"column":2}},"13":{"start":{"line":21,"column":27},"end":{"line":24,"column":2}},"14":{"start":{"line":22,"column":2},"end":{"line":22,"column":60}},"15":{"start":{"line":23,"column":2},"end":{"line":23,"column":51}},"16":{"start":{"line":26,"column":0},"end":{"line":26,"column":43}},"17":{"start":{"line":26,"column":25},"end":{"line":26,"column":41}},"18":{"start":{"line":28,"column":0},"end":{"line":28,"column":27}},"19":{"start":{"line":29,"column":0},"end":{"line":29,"column":24}},"20":{"start":{"line":30,"column":0},"end":{"line":30,"column":16}},"21":{"start":{"line":31,"column":0},"end":{"line":31,"column":40}},"22":{"start":{"line":32,"column":0},"end":{"line":32,"column":27}},"23":{"start":{"line":33,"column":0},"end":{"line":33,"column":37}},"24":{"start":{"line":34,"column":0},"end":{"line":34,"column":34}},"25":{"start":{"line":35,"column":0},"end":{"line":35,"column":28}},"26":{"start":{"line":36,"column":0},"end":{"line":36,"column":30}},"27":{"start":{"line":37,"column":0},"end":{"line":37,"column":22}},"28":{"start":{"line":39,"column":0},"end":{"line":39,"column":19}}},"fnMap":{"0":{"name":"(anonymous_14)","decl":{"start":{"line":21,"column":16},"end":{"line":21,"column":25}},"loc":{"start":{"line":21,"column":27},"end":{"line":24,"column":2}}},"1":{"name":"(anonymous_15)","decl":{"start":{"line":21,"column":27},"end":{"line":21,"column":null}},"loc":{"start":{"line":21,"column":27},"end":{"line":24,"column":1}}},"2":{"name":"(anonymous_16)","decl":{"start":{"line":26,"column":16},"end":{"line":26,"column":17}},"loc":{"start":{"line":26,"column":25},"end":{"line":26,"column":41}}}},"branchMap":{},"s":{"0":1,"1":1,"2":1,"3":1,"4":1,"5":1,"6":1,"7":1,"8":1,"9":1,"10":1,"11":1,"12":1,"13":1,"14":1,"15":1,"16":1,"17":0,"18":1,"19":1,"20":1,"21":1,"22":1,"23":1,"24":1,"25":1,"26":1,"27":1,"28":1},"f":{"0":1,"1":1,"2":0},"b":{}}
,"/Users/ziterz/Documents/IKEA/MERN-IKEA-app/server/src/controllers/cartController.ts": {"path":"/Users/ziterz/Documents/IKEA/MERN-IKEA-app/server/src/controllers/cartController.ts","statementMap":{"0":{"start":{"line":2,"column":0},"end":{"line":2,"column":50}},"1":{"start":{"line":3,"column":0},"end":{"line":3,"column":44}},"2":{"start":{"line":4,"column":0},"end":{"line":4,"column":44}},"3":{"start":{"line":7,"column":0},"end":{"line":7,"column":46}},"4":{"start":{"line":9,"column":41},"end":{"line":65,"column":2}},"5":{"start":{"line":13,"column":4},"end":{"line":65,"column":2}},"6":{"start":{"line":14,"column":2},"end":{"line":64,"column":3}},"7":{"start":{"line":15,"column":36},"end":{"line":15,"column":44}},"8":{"start":{"line":17,"column":37},"end":{"line":17,"column":70}},"9":{"start":{"line":19,"column":4},"end":{"line":21,"column":5}},"10":{"start":{"line":20,"column":6},"end":{"line":20,"column":63}},"11":{"start":{"line":23,"column":40},"end":{"line":25,"column":12}},"12":{"start":{"line":27,"column":4},"end":{"line":29,"column":5}},"13":{"start":{"line":28,"column":6},"end":{"line":28,"column":71}},"14":{"start":{"line":31,"column":31},"end":{"line":31,"column":71}},"15":{"start":{"line":33,"column":4},"end":{"line":57,"column":5}},"16":{"start":{"line":34,"column":6},"end":{"line":37,"column":9}},"17":{"start":{"line":39,"column":6},"end":{"line":56,"column":7}},"18":{"start":{"line":39,"column":36},"end":{"line":39,"column":61}},"19":{"start":{"line":40,"column":8},"end":{"line":48,"column":10}},"20":{"start":{"line":50,"column":8},"end":{"line":55,"column":10}},"21":{"start":{"line":59,"column":4},"end":{"line":61,"column":7}},"22":{"start":{"line":63,"column":4},"end":{"line":63,"column":14}},"23":{"start":{"line":9,"column":13},"end":{"line":9,"column":41}},"24":{"start":{"line":67,"column":39},"end":{"line":85,"column":2}},"25":{"start":{"line":71,"column":4},"end":{"line":85,"column":2}},"26":{"start":{"line":72,"column":2},"end":{"line":84,"column":3}},"27":{"start":{"line":73,"column":31},"end":{"line":75,"column":32}},"28":{"start":{"line":77,"column":4},"end":{"line":79,"column":5}},"29":{"start":{"line":78,"column":6},"end":{"line":78,"column":60}},"30":{"start":{"line":81,"column":4},"end":{"line":81,"column":38}},"31":{"start":{"line":83,"column":4},"end":{"line":83,"column":14}},"32":{"start":{"line":67,"column":13},"end":{"line":67,"column":39}},"33":{"start":{"line":87,"column":42},"end":{"line":132,"column":2}},"34":{"start":{"line":91,"column":4},"end":{"line":132,"column":2}},"35":{"start":{"line":92,"column":2},"end":{"line":131,"column":3}},"36":{"start":{"line":93,"column":36},"end":{"line":93,"column":44}},"37":{"start":{"line":95,"column":37},"end":{"line":95,"column":70}},"38":{"start":{"line":97,"column":4},"end":{"line":99,"column":5}},"39":{"start":{"line":98,"column":6},"end":{"line":98,"column":63}},"40":{"start":{"line":101,"column":31},"end":{"line":101,"column":71}},"41":{"start":{"line":103,"column":4},"end":{"line":105,"column":5}},"42":{"start":{"line":104,"column":6},"end":{"line":104,"column":60}},"43":{"start":{"line":107,"column":4},"end":{"line":124,"column":5}},"44":{"start":{"line":108,"column":6},"end":{"line":113,"column":8}},"45":{"start":{"line":115,"column":6},"end":{"line":123,"column":8}},"46":{"start":{"line":126,"column":4},"end":{"line":128,"column":7}},"47":{"start":{"line":130,"column":4},"end":{"line":130,"column":14}},"48":{"start":{"line":87,"column":13},"end":{"line":87,"column":42}},"49":{"start":{"line":134,"column":42},"end":{"line":154,"column":2}},"50":{"start":{"line":138,"column":4},"end":{"line":154,"column":2}},"51":{"start":{"line":139,"column":2},"end":{"line":153,"column":3}},"52":{"start":{"line":140,"column":31},"end":{"line":140,"column":71}},"53":{"start":{"line":142,"column":4},"end":{"line":144,"column":5}},"54":{"start":{"line":143,"column":6},"end":{"line":143,"column":60}},"55":{"start":{"line":146,"column":4},"end":{"line":146,"column":47}},"56":{"start":{"line":148,"column":4},"end":{"line":150,"column":7}},"57":{"start":{"line":152,"column":4},"end":{"line":152,"column":14}},"58":{"start":{"line":134,"column":13},"end":{"line":134,"column":42}},"59":{"start":{"line":156,"column":40},"end":{"line":232,"column":2}},"60":{"start":{"line":160,"column":4},"end":{"line":232,"column":2}},"61":{"start":{"line":161,"column":18},"end":{"line":161,"column":43}},"62":{"start":{"line":162,"column":2},"end":{"line":162,"column":29}},"63":{"start":{"line":164,"column":2},"end":{"line":231,"column":3}},"64":{"start":{"line":165,"column":22},"end":{"line":165,"column":53}},"65":{"start":{"line":167,"column":4},"end":{"line":169,"column":5}},"66":{"start":{"line":168,"column":6},"end":{"line":168,"column":60}},"67":{"start":{"line":171,"column":31},"end":{"line":173,"column":32}},"68":{"start":{"line":175,"column":4},"end":{"line":177,"column":5}},"69":{"start":{"line":176,"column":6},"end":{"line":176,"column":60}},"70":{"start":{"line":179,"column":21},"end":{"line":179,"column":59}},"71":{"start":{"line":179,"column":46},"end":{"line":179,"column":58}},"72":{"start":{"line":181,"column":4},"end":{"line":204,"column":5}},"73":{"start":{"line":181,"column":17},"end":{"line":181,"column":18}},"74":{"start":{"line":182,"column":22},"end":{"line":182,"column":33}},"75":{"start":{"line":184,"column":6},"end":{"line":196,"column":7}},"76":{"start":{"line":185,"column":8},"end":{"line":190,"column":10}},"77":{"start":{"line":192,"column":8},"end":{"line":195,"column":10}},"78":{"start":{"line":198,"column":6},"end":{"line":203,"column":8}},"79":{"start":{"line":206,"column":18},"end":{"line":208,"column":9}},"80":{"start":{"line":207,"column":6},"end":{"line":207,"column":54}},"81":{"start":{"line":210,"column":4},"end":{"line":216,"column":7}},"82":{"start":{"line":218,"column":4},"end":{"line":218,"column":47}},"83":{"start":{"line":220,"column":4},"end":{"line":220,"column":38}},"84":{"start":{"line":221,"column":4},"end":{"line":221,"column":25}},"85":{"start":{"line":223,"column":4},"end":{"line":225,"column":7}},"86":{"start":{"line":227,"column":4},"end":{"line":227,"column":37}},"87":{"start":{"line":228,"column":4},"end":{"line":228,"column":25}},"88":{"start":{"line":230,"column":4},"end":{"line":230,"column":14}},"89":{"start":{"line":156,"column":13},"end":{"line":156,"column":40}}},"fnMap":{"0":{"name":"(anonymous_7)","decl":{"start":{"line":9,"column":41},"end":{"line":9,"column":null}},"loc":{"start":{"line":13,"column":4},"end":{"line":65,"column":2}}},"1":{"name":"(anonymous_8)","decl":{"start":{"line":13,"column":4},"end":{"line":13,"column":null}},"loc":{"start":{"line":13,"column":4},"end":{"line":65,"column":1}}},"2":{"name":"(anonymous_9)","decl":{"start":{"line":39,"column":26},"end":{"line":39,"column":27}},"loc":{"start":{"line":39,"column":36},"end":{"line":39,"column":61}}},"3":{"name":"(anonymous_10)","decl":{"start":{"line":67,"column":39},"end":{"line":67,"column":null}},"loc":{"start":{"line":71,"column":4},"end":{"line":85,"column":2}}},"4":{"name":"(anonymous_11)","decl":{"start":{"line":71,"column":4},"end":{"line":71,"column":null}},"loc":{"start":{"line":71,"column":4},"end":{"line":85,"column":1}}},"5":{"name":"(anonymous_12)","decl":{"start":{"line":87,"column":42},"end":{"line":87,"column":null}},"loc":{"start":{"line":91,"column":4},"end":{"line":132,"column":2}}},"6":{"name":"(anonymous_13)","decl":{"start":{"line":91,"column":4},"end":{"line":91,"column":null}},"loc":{"start":{"line":91,"column":4},"end":{"line":132,"column":1}}},"7":{"name":"(anonymous_14)","decl":{"start":{"line":134,"column":42},"end":{"line":134,"column":null}},"loc":{"start":{"line":138,"column":4},"end":{"line":154,"column":2}}},"8":{"name":"(anonymous_15)","decl":{"start":{"line":138,"column":4},"end":{"line":138,"column":null}},"loc":{"start":{"line":138,"column":4},"end":{"line":154,"column":1}}},"9":{"name":"(anonymous_16)","decl":{"start":{"line":156,"column":40},"end":{"line":156,"column":null}},"loc":{"start":{"line":160,"column":4},"end":{"line":232,"column":2}}},"10":{"name":"(anonymous_17)","decl":{"start":{"line":160,"column":4},"end":{"line":160,"column":null}},"loc":{"start":{"line":160,"column":4},"end":{"line":232,"column":1}}},"11":{"name":"(anonymous_18)","decl":{"start":{"line":179,"column":36},"end":{"line":179,"column":37}},"loc":{"start":{"line":179,"column":46},"end":{"line":179,"column":58}}},"12":{"name":"(anonymous_19)","decl":{"start":{"line":206,"column":36},"end":{"line":206,"column":37}},"loc":{"start":{"line":206,"column":50},"end":{"line":208,"column":5}}}},"branchMap":{"0":{"loc":{"start":{"line":19,"column":4},"end":{"line":21,"column":5}},"type":"if","locations":[{"start":{"line":19,"column":4},"end":{"line":21,"column":5}}]},"1":{"loc":{"start":{"line":27,"column":4},"end":{"line":29,"column":5}},"type":"if","locations":[{"start":{"line":27,"column":4},"end":{"line":29,"column":5}}]},"2":{"loc":{"start":{"line":33,"column":4},"end":{"line":57,"column":5}},"type":"if","locations":[{"start":{"line":33,"column":4},"end":{"line":57,"column":5}},{"start":{"line":38,"column":11},"end":{"line":57,"column":5}}]},"3":{"loc":{"start":{"line":39,"column":6},"end":{"line":56,"column":7}},"type":"if","locations":[{"start":{"line":39,"column":6},"end":{"line":56,"column":7}},{"start":{"line":49,"column":13},"end":{"line":56,"column":7}}]},"4":{"loc":{"start":{"line":77,"column":4},"end":{"line":79,"column":5}},"type":"if","locations":[{"start":{"line":77,"column":4},"end":{"line":79,"column":5}}]},"5":{"loc":{"start":{"line":97,"column":4},"end":{"line":99,"column":5}},"type":"if","locations":[{"start":{"line":97,"column":4},"end":{"line":99,"column":5}}]},"6":{"loc":{"start":{"line":103,"column":4},"end":{"line":105,"column":5}},"type":"if","locations":[{"start":{"line":103,"column":4},"end":{"line":105,"column":5}}]},"7":{"loc":{"start":{"line":107,"column":4},"end":{"line":124,"column":5}},"type":"if","locations":[{"start":{"line":107,"column":4},"end":{"line":124,"column":5}},{"start":{"line":114,"column":11},"end":{"line":124,"column":5}}]},"8":{"loc":{"start":{"line":142,"column":4},"end":{"line":144,"column":5}},"type":"if","locations":[{"start":{"line":142,"column":4},"end":{"line":144,"column":5}}]},"9":{"loc":{"start":{"line":167,"column":4},"end":{"line":169,"column":5}},"type":"if","locations":[{"start":{"line":167,"column":4},"end":{"line":169,"column":5}}]},"10":{"loc":{"start":{"line":175,"column":4},"end":{"line":177,"column":5}},"type":"if","locations":[{"start":{"line":175,"column":4},"end":{"line":177,"column":5}}]},"11":{"loc":{"start":{"line":184,"column":6},"end":{"line":196,"column":7}},"type":"if","locations":[{"start":{"line":184,"column":6},"end":{"line":196,"column":7}}]}},"s":{"0":1,"1":1,"2":1,"3":1,"4":1,"5":0,"6":0,"7":0,"8":0,"9":0,"10":0,"11":0,"12":0,"13":0,"14":0,"15":0,"16":0,"17":0,"18":0,"19":0,"20":0,"21":0,"22":0,"23":1,"24":1,"25":0,"26":0,"27":0,"28":0,"29":0,"30":0,"31":0,"32":1,"33":1,"34":0,"35":0,"36":0,"37":0,"38":0,"39":0,"40":0,"41":0,"42":0,"43":0,"44":0,"45":0,"46":0,"47":0,"48":1,"49":1,"50":0,"51":0,"52":0,"53":0,"54":0,"55":0,"56":0,"57":0,"58":1,"59":1,"60":0,"61":0,"62":0,"63":0,"64":0,"65":0,"66":0,"67":0,"68":0,"69":0,"70":0,"71":0,"72":0,"73":0,"74":0,"75":0,"76":0,"77":0,"78":0,"79":0,"80":0,"81":0,"82":0,"83":0,"84":0,"85":0,"86":0,"87":0,"88":0,"89":1},"f":{"0":0,"1":0,"2":0,"3":0,"4":0,"5":0,"6":0,"7":0,"8":0,"9":0,"10":0,"11":0,"12":0},"b":{"0":[0],"1":[0],"2":[0,0],"3":[0,0],"4":[0],"5":[0],"6":[0],"7":[0,0],"8":[0],"9":[0],"10":[0],"11":[0]}}
,"/Users/ziterz/Documents/IKEA/MERN-IKEA-app/server/src/controllers/categoryController.ts": {"path":"/Users/ziterz/Documents/IKEA/MERN-IKEA-app/server/src/controllers/categoryController.ts","statementMap":{"0":{"start":{"line":2,"column":0},"end":{"line":2,"column":52}},"1":{"start":{"line":4,"column":43},"end":{"line":23,"column":2}},"2":{"start":{"line":8,"column":4},"end":{"line":23,"column":2}},"3":{"start":{"line":9,"column":2},"end":{"line":22,"column":3}},"4":{"start":{"line":10,"column":28},"end":{"line":10,"column":36}},"5":{"start":{"line":11,"column":21},"end":{"line":14,"column":6}},"6":{"start":{"line":16,"column":4},"end":{"line":19,"column":7}},"7":{"start":{"line":21,"column":4},"end":{"line":21,"column":14}},"8":{"start":{"line":4,"column":13},"end":{"line":4,"column":43}},"9":{"start":{"line":25,"column":45},"end":{"line":37,"column":2}},"10":{"start":{"line":29,"column":4},"end":{"line":37,"column":2}},"11":{"start":{"line":30,"column":2},"end":{"line":36,"column":3}},"12":{"start":{"line":31,"column":23},"end":{"line":31,"column":44}},"13":{"start":{"line":33,"column":4},"end":{"line":33,"column":41}},"14":{"start":{"line":35,"column":4},"end":{"line":35,"column":14}},"15":{"start":{"line":25,"column":13},"end":{"line":25,"column":45}},"16":{"start":{"line":39,"column":47},"end":{"line":56,"column":2}},"17":{"start":{"line":43,"column":4},"end":{"line":56,"column":2}},"18":{"start":{"line":44,"column":2},"end":{"line":55,"column":3}},"19":{"start":{"line":45,"column":19},"end":{"line":45,"column":29}},"20":{"start":{"line":46,"column":21},"end":{"line":46,"column":48}},"21":{"start":{"line":48,"column":4},"end":{"line":50,"column":5}},"22":{"start":{"line":49,"column":6},"end":{"line":49,"column":64}},"23":{"start":{"line":52,"column":4},"end":{"line":52,"column":35}},"24":{"start":{"line":54,"column":4},"end":{"line":54,"column":14}},"25":{"start":{"line":39,"column":13},"end":{"line":39,"column":47}},"26":{"start":{"line":58,"column":46},"end":{"line":83,"column":2}},"27":{"start":{"line":62,"column":4},"end":{"line":83,"column":2}},"28":{"start":{"line":63,"column":2},"end":{"line":82,"column":3}},"29":{"start":{"line":64,"column":19},"end":{"line":64,"column":29}},"30":{"start":{"line":65,"column":28},"end":{"line":65,"column":36}},"31":{"start":{"line":66,"column":21},"end":{"line":69,"column":null}},"32":{"start":{"line":72,"column":4},"end":{"line":74,"column":5}},"33":{"start":{"line":73,"column":6},"end":{"line":73,"column":64}},"34":{"start":{"line":76,"column":4},"end":{"line":79,"column":7}},"35":{"start":{"line":81,"column":4},"end":{"line":81,"column":14}},"36":{"start":{"line":58,"column":13},"end":{"line":58,"column":46}},"37":{"start":{"line":85,"column":46},"end":{"line":102,"column":2}},"38":{"start":{"line":89,"column":4},"end":{"line":102,"column":2}},"39":{"start":{"line":90,"column":2},"end":{"line":101,"column":3}},"40":{"start":{"line":91,"column":19},"end":{"line":91,"column":29}},"41":{"start":{"line":92,"column":21},"end":{"line":92,"column":57}},"42":{"start":{"line":94,"column":4},"end":{"line":96,"column":5}},"43":{"start":{"line":95,"column":6},"end":{"line":95,"column":64}},"44":{"start":{"line":98,"column":4},"end":{"line":98,"column":71}},"45":{"start":{"line":100,"column":4},"end":{"line":100,"column":14}},"46":{"start":{"line":85,"column":13},"end":{"line":85,"column":46}}},"fnMap":{"0":{"name":"(anonymous_7)","decl":{"start":{"line":4,"column":43},"end":{"line":4,"column":null}},"loc":{"start":{"line":8,"column":4},"end":{"line":23,"column":2}}},"1":{"name":"(anonymous_8)","decl":{"start":{"line":8,"column":4},"end":{"line":8,"column":null}},"loc":{"start":{"line":8,"column":4},"end":{"line":23,"column":1}}},"2":{"name":"(anonymous_9)","decl":{"start":{"line":25,"column":45},"end":{"line":25,"column":null}},"loc":{"start":{"line":29,"column":4},"end":{"line":37,"column":2}}},"3":{"name":"(anonymous_10)","decl":{"start":{"line":29,"column":4},"end":{"line":29,"column":null}},"loc":{"start":{"line":29,"column":4},"end":{"line":37,"column":1}}},"4":{"name":"(anonymous_11)","decl":{"start":{"line":39,"column":47},"end":{"line":39,"column":null}},"loc":{"start":{"line":43,"column":4},"end":{"line":56,"column":2}}},"5":{"name":"(anonymous_12)","decl":{"start":{"line":43,"column":4},"end":{"line":43,"column":null}},"loc":{"start":{"line":43,"column":4},"end":{"line":56,"column":1}}},"6":{"name":"(anonymous_13)","decl":{"start":{"line":58,"column":46},"end":{"line":58,"column":null}},"loc":{"start":{"line":62,"column":4},"end":{"line":83,"column":2}}},"7":{"name":"(anonymous_14)","decl":{"start":{"line":62,"column":4},"end":{"line":62,"column":null}},"loc":{"start":{"line":62,"column":4},"end":{"line":83,"column":1}}},"8":{"name":"(anonymous_15)","decl":{"start":{"line":85,"column":46},"end":{"line":85,"column":null}},"loc":{"start":{"line":89,"column":4},"end":{"line":102,"column":2}}},"9":{"name":"(anonymous_16)","decl":{"start":{"line":89,"column":4},"end":{"line":89,"column":null}},"loc":{"start":{"line":89,"column":4},"end":{"line":102,"column":1}}}},"branchMap":{"0":{"loc":{"start":{"line":48,"column":4},"end":{"line":50,"column":5}},"type":"if","locations":[{"start":{"line":48,"column":4},"end":{"line":50,"column":5}}]},"1":{"loc":{"start":{"line":72,"column":4},"end":{"line":74,"column":5}},"type":"if","locations":[{"start":{"line":72,"column":4},"end":{"line":74,"column":5}}]},"2":{"loc":{"start":{"line":94,"column":4},"end":{"line":96,"column":5}},"type":"if","locations":[{"start":{"line":94,"column":4},"end":{"line":96,"column":5}}]}},"s":{"0":1,"1":1,"2":0,"3":0,"4":0,"5":0,"6":0,"7":0,"8":1,"9":1,"10":0,"11":0,"12":0,"13":0,"14":0,"15":1,"16":1,"17":0,"18":0,"19":0,"20":0,"21":0,"22":0,"23":0,"24":0,"25":1,"26":1,"27":0,"28":0,"29":0,"30":0,"31":0,"32":0,"33":0,"34":0,"35":0,"36":1,"37":1,"38":0,"39":0,"40":0,"41":0,"42":0,"43":0,"44":0,"45":0,"46":1},"f":{"0":0,"1":0,"2":0,"3":0,"4":0,"5":0,"6":0,"7":0,"8":0,"9":0},"b":{"0":[0],"1":[0],"2":[0]}}
,"/Users/ziterz/Documents/IKEA/MERN-IKEA-app/server/src/controllers/orderController.ts": {"path":"/Users/ziterz/Documents/IKEA/MERN-IKEA-app/server/src/controllers/orderController.ts","statementMap":{"0":{"start":{"line":3,"column":41},"end":{"line":7,"column":8}},"1":{"start":{"line":7,"column":4},"end":{"line":7,"column":8}},"2":{"start":{"line":3,"column":13},"end":{"line":3,"column":41}},"3":{"start":{"line":9,"column":44},"end":{"line":13,"column":8}},"4":{"start":{"line":13,"column":4},"end":{"line":13,"column":8}},"5":{"start":{"line":9,"column":13},"end":{"line":9,"column":44}}},"fnMap":{"0":{"name":"(anonymous_7)","decl":{"start":{"line":3,"column":41},"end":{"line":3,"column":null}},"loc":{"start":{"line":7,"column":4},"end":{"line":7,"column":8}}},"1":{"name":"(anonymous_8)","decl":{"start":{"line":7,"column":4},"end":{"line":7,"column":6}},"loc":{"start":{"line":7,"column":4},"end":{"line":7,"column":7}}},"2":{"name":"(anonymous_9)","decl":{"start":{"line":9,"column":44},"end":{"line":9,"column":null}},"loc":{"start":{"line":13,"column":4},"end":{"line":13,"column":8}}},"3":{"name":"(anonymous_10)","decl":{"start":{"line":13,"column":4},"end":{"line":13,"column":6}},"loc":{"start":{"line":13,"column":4},"end":{"line":13,"column":7}}}},"branchMap":{},"s":{"0":1,"1":0,"2":1,"3":1,"4":0,"5":1},"f":{"0":0,"1":0,"2":0,"3":0},"b":{}}
,"/Users/ziterz/Documents/IKEA/MERN-IKEA-app/server/src/controllers/productController.ts": {"path":"/Users/ziterz/Documents/IKEA/MERN-IKEA-app/server/src/controllers/productController.ts","statementMap":{"0":{"start":{"line":2,"column":0},"end":{"line":2,"column":50}},"1":{"start":{"line":4,"column":42},"end":{"line":27,"column":2}},"2":{"start":{"line":8,"column":4},"end":{"line":27,"column":2}},"3":{"start":{"line":9,"column":2},"end":{"line":26,"column":3}},"4":{"start":{"line":10,"column":66},"end":{"line":10,"column":74}},"5":{"start":{"line":11,"column":20},"end":{"line":18,"column":54}},"6":{"start":{"line":18,"column":25},"end":{"line":18,"column":53}},"7":{"start":{"line":20,"column":4},"end":{"line":23,"column":7}},"8":{"start":{"line":25,"column":4},"end":{"line":25,"column":14}},"9":{"start":{"line":4,"column":13},"end":{"line":4,"column":42}},"10":{"start":{"line":29,"column":43},"end":{"line":41,"column":2}},"11":{"start":{"line":33,"column":4},"end":{"line":41,"column":2}},"12":{"start":{"line":34,"column":2},"end":{"line":40,"column":3}},"13":{"start":{"line":35,"column":21},"end":{"line":35,"column":62}},"14":{"start":{"line":37,"column":4},"end":{"line":37,"column":39}},"15":{"start":{"line":39,"column":4},"end":{"line":39,"column":14}},"16":{"start":{"line":29,"column":13},"end":{"line":29,"column":43}},"17":{"start":{"line":43,"column":46},"end":{"line":60,"column":2}},"18":{"start":{"line":47,"column":4},"end":{"line":60,"column":2}},"19":{"start":{"line":48,"column":2},"end":{"line":59,"column":3}},"20":{"start":{"line":49,"column":19},"end":{"line":49,"column":29}},"21":{"start":{"line":50,"column":20},"end":{"line":50,"column":67}},"22":{"start":{"line":52,"column":4},"end":{"line":54,"column":5}},"23":{"start":{"line":53,"column":6},"end":{"line":53,"column":63}},"24":{"start":{"line":56,"column":4},"end":{"line":56,"column":34}},"25":{"start":{"line":58,"column":4},"end":{"line":58,"column":14}},"26":{"start":{"line":43,"column":13},"end":{"line":43,"column":46}},"27":{"start":{"line":62,"column":45},"end":{"line":84,"column":2}},"28":{"start":{"line":66,"column":4},"end":{"line":84,"column":2}},"29":{"start":{"line":67,"column":2},"end":{"line":83,"column":3}},"30":{"start":{"line":68,"column":19},"end":{"line":68,"column":29}},"31":{"start":{"line":69,"column":56},"end":{"line":69,"column":64}},"32":{"start":{"line":70,"column":20},"end":{"line":74,"column":26}},"33":{"start":{"line":76,"column":4},"end":{"line":78,"column":5}},"34":{"start":{"line":77,"column":6},"end":{"line":77,"column":63}},"35":{"start":{"line":80,"column":4},"end":{"line":80,"column":66}},"36":{"start":{"line":82,"column":4},"end":{"line":82,"column":14}},"37":{"start":{"line":62,"column":13},"end":{"line":62,"column":45}},"38":{"start":{"line":86,"column":45},"end":{"line":103,"column":2}},"39":{"start":{"line":90,"column":4},"end":{"line":103,"column":2}},"40":{"start":{"line":91,"column":2},"end":{"line":102,"column":3}},"41":{"start":{"line":92,"column":19},"end":{"line":92,"column":29}},"42":{"start":{"line":93,"column":20},"end":{"line":93,"column":55}},"43":{"start":{"line":95,"column":4},"end":{"line":97,"column":5}},"44":{"start":{"line":96,"column":6},"end":{"line":96,"column":63}},"45":{"start":{"line":99,"column":4},"end":{"line":99,"column":80}},"46":{"start":{"line":101,"column":4},"end":{"line":101,"column":14}},"47":{"start":{"line":86,"column":13},"end":{"line":86,"column":45}}},"fnMap":{"0":{"name":"(anonymous_7)","decl":{"start":{"line":4,"column":42},"end":{"line":4,"column":null}},"loc":{"start":{"line":8,"column":4},"end":{"line":27,"column":2}}},"1":{"name":"(anonymous_8)","decl":{"start":{"line":8,"column":4},"end":{"line":8,"column":null}},"loc":{"start":{"line":8,"column":4},"end":{"line":27,"column":1}}},"2":{"name":"(anonymous_9)","decl":{"start":{"line":18,"column":12},"end":{"line":18,"column":13}},"loc":{"start":{"line":18,"column":25},"end":{"line":18,"column":53}}},"3":{"name":"(anonymous_10)","decl":{"start":{"line":29,"column":43},"end":{"line":29,"column":null}},"loc":{"start":{"line":33,"column":4},"end":{"line":41,"column":2}}},"4":{"name":"(anonymous_11)","decl":{"start":{"line":33,"column":4},"end":{"line":33,"column":null}},"loc":{"start":{"line":33,"column":4},"end":{"line":41,"column":1}}},"5":{"name":"(anonymous_12)","decl":{"start":{"line":43,"column":46},"end":{"line":43,"column":null}},"loc":{"start":{"line":47,"column":4},"end":{"line":60,"column":2}}},"6":{"name":"(anonymous_13)","decl":{"start":{"line":47,"column":4},"end":{"line":47,"column":null}},"loc":{"start":{"line":47,"column":4},"end":{"line":60,"column":1}}},"7":{"name":"(anonymous_14)","decl":{"start":{"line":62,"column":45},"end":{"line":62,"column":null}},"loc":{"start":{"line":66,"column":4},"end":{"line":84,"column":2}}},"8":{"name":"(anonymous_15)","decl":{"start":{"line":66,"column":4},"end":{"line":66,"column":null}},"loc":{"start":{"line":66,"column":4},"end":{"line":84,"column":1}}},"9":{"name":"(anonymous_16)","decl":{"start":{"line":86,"column":45},"end":{"line":86,"column":null}},"loc":{"start":{"line":90,"column":4},"end":{"line":103,"column":2}}},"10":{"name":"(anonymous_17)","decl":{"start":{"line":90,"column":4},"end":{"line":90,"column":null}},"loc":{"start":{"line":90,"column":4},"end":{"line":103,"column":1}}}},"branchMap":{"0":{"loc":{"start":{"line":52,"column":4},"end":{"line":54,"column":5}},"type":"if","locations":[{"start":{"line":52,"column":4},"end":{"line":54,"column":5}}]},"1":{"loc":{"start":{"line":76,"column":4},"end":{"line":78,"column":5}},"type":"if","locations":[{"start":{"line":76,"column":4},"end":{"line":78,"column":5}}]},"2":{"loc":{"start":{"line":95,"column":4},"end":{"line":97,"column":5}},"type":"if","locations":[{"start":{"line":95,"column":4},"end":{"line":97,"column":5}}]}},"s":{"0":1,"1":1,"2":0,"3":0,"4":0,"5":0,"6":0,"7":0,"8":0,"9":1,"10":1,"11":0,"12":0,"13":0,"14":0,"15":0,"16":1,"17":1,"18":0,"19":0,"20":0,"21":0,"22":0,"23":0,"24":0,"25":0,"26":1,"27":1,"28":0,"29":0,"30":0,"31":0,"32":0,"33":0,"34":0,"35":0,"36":0,"37":1,"38":1,"39":0,"40":0,"41":0,"42":0,"43":0,"44":0,"45":0,"46":0,"47":1},"f":{"0":0,"1":0,"2":0,"3":0,"4":0,"5":0,"6":0,"7":0,"8":0,"9":0,"10":0},"b":{"0":[0],"1":[0],"2":[0]}}
,"/Users/ziterz/Documents/IKEA/MERN-IKEA-app/server/src/controllers/userController.ts": {"path":"/Users/ziterz/Documents/IKEA/MERN-IKEA-app/server/src/controllers/userController.ts","statementMap":{"0":{"start":{"line":2,"column":0},"end":{"line":2,"column":50}},"1":{"start":{"line":3,"column":0},"end":{"line":3,"column":45}},"2":{"start":{"line":4,"column":0},"end":{"line":4,"column":44}},"3":{"start":{"line":15,"column":40},"end":{"line":71,"column":2}},"4":{"start":{"line":19,"column":4},"end":{"line":71,"column":2}},"5":{"start":{"line":20,"column":2},"end":{"line":70,"column":3}},"6":{"start":{"line":31,"column":8},"end":{"line":31,"column":40}},"7":{"start":{"line":33,"column":35},"end":{"line":35,"column":6}},"8":{"start":{"line":37,"column":4},"end":{"line":39,"column":5}},"9":{"start":{"line":38,"column":6},"end":{"line":38,"column":67}},"10":{"start":{"line":41,"column":4},"end":{"line":43,"column":5}},"11":{"start":{"line":42,"column":6},"end":{"line":42,"column":70}},"12":{"start":{"line":45,"column":31},"end":{"line":54,"column":6}},"13":{"start":{"line":56,"column":4},"end":{"line":67,"column":32}},"14":{"start":{"line":69,"column":4},"end":{"line":69,"column":14}},"15":{"start":{"line":15,"column":13},"end":{"line":15,"column":40}},"16":{"start":{"line":73,"column":37},"end":{"line":117,"column":2}},"17":{"start":{"line":77,"column":4},"end":{"line":117,"column":2}},"18":{"start":{"line":78,"column":2},"end":{"line":116,"column":3}},"19":{"start":{"line":79,"column":32},"end":{"line":79,"column":61}},"20":{"start":{"line":81,"column":31},"end":{"line":81,"column":60}},"21":{"start":{"line":83,"column":4},"end":{"line":85,"column":5}},"22":{"start":{"line":84,"column":6},"end":{"line":84,"column":67}},"23":{"start":{"line":87,"column":37},"end":{"line":89,"column":null}},"24":{"start":{"line":92,"column":4},"end":{"line":94,"column":5}},"25":{"start":{"line":93,"column":6},"end":{"line":93,"column":67}},"26":{"start":{"line":96,"column":26},"end":{"line":96,"column":72}},"27":{"start":{"line":98,"column":4},"end":{"line":101,"column":7}},"28":{"start":{"line":102,"column":4},"end":{"line":113,"column":29}},"29":{"start":{"line":115,"column":4},"end":{"line":115,"column":14}},"30":{"start":{"line":73,"column":13},"end":{"line":73,"column":37}}},"fnMap":{"0":{"name":"(anonymous_7)","decl":{"start":{"line":15,"column":40},"end":{"line":15,"column":null}},"loc":{"start":{"line":19,"column":4},"end":{"line":71,"column":2}}},"1":{"name":"(anonymous_8)","decl":{"start":{"line":19,"column":4},"end":{"line":19,"column":null}},"loc":{"start":{"line":19,"column":4},"end":{"line":71,"column":1}}},"2":{"name":"(anonymous_9)","decl":{"start":{"line":73,"column":37},"end":{"line":73,"column":null}},"loc":{"start":{"line":77,"column":4},"end":{"line":117,"column":2}}},"3":{"name":"(anonymous_10)","decl":{"start":{"line":77,"column":4},"end":{"line":77,"column":null}},"loc":{"start":{"line":77,"column":4},"end":{"line":117,"column":1}}}},"branchMap":{"0":{"loc":{"start":{"line":37,"column":4},"end":{"line":39,"column":5}},"type":"if","locations":[{"start":{"line":37,"column":4},"end":{"line":39,"column":5}}]},"1":{"loc":{"start":{"line":41,"column":4},"end":{"line":43,"column":5}},"type":"if","locations":[{"start":{"line":41,"column":4},"end":{"line":43,"column":5}}]},"2":{"loc":{"start":{"line":83,"column":4},"end":{"line":85,"column":5}},"type":"if","locations":[{"start":{"line":83,"column":4},"end":{"line":85,"column":5}}]},"3":{"loc":{"start":{"line":92,"column":4},"end":{"line":94,"column":5}},"type":"if","locations":[{"start":{"line":92,"column":4},"end":{"line":94,"column":5}}]}},"s":{"0":1,"1":1,"2":1,"3":1,"4":11,"5":11,"6":11,"7":11,"8":11,"9":1,"10":10,"11":3,"12":7,"13":1,"14":10,"15":1,"16":1,"17":0,"18":0,"19":0,"20":0,"21":0,"22":0,"23":0,"24":0,"25":0,"26":0,"27":0,"28":0,"29":0,"30":1},"f":{"0":11,"1":11,"2":0,"3":0},"b":{"0":[1],"1":[3],"2":[0],"3":[0]}}
,"/Users/ziterz/Documents/IKEA/MERN-IKEA-app/server/src/middlewares/auth.ts": {"path":"/Users/ziterz/Documents/IKEA/MERN-IKEA-app/server/src/middlewares/auth.ts","statementMap":{"0":{"start":{"line":2,"column":0},"end":{"line":2,"column":47}},"1":{"start":{"line":3,"column":0},"end":{"line":3,"column":44}},"2":{"start":{"line":13,"column":48},"end":{"line":37,"column":2}},"3":{"start":{"line":17,"column":4},"end":{"line":37,"column":2}},"4":{"start":{"line":18,"column":2},"end":{"line":36,"column":3}},"5":{"start":{"line":19,"column":18},"end":{"line":19,"column":43}},"6":{"start":{"line":21,"column":4},"end":{"line":23,"column":5}},"7":{"start":{"line":22,"column":6},"end":{"line":22,"column":37}},"8":{"start":{"line":25,"column":20},"end":{"line":25,"column":71}},"9":{"start":{"line":26,"column":4},"end":{"line":26,"column":48}},"10":{"start":{"line":27,"column":17},"end":{"line":27,"column":48}},"11":{"start":{"line":29,"column":4},"end":{"line":31,"column":5}},"12":{"start":{"line":30,"column":6},"end":{"line":30,"column":37}},"13":{"start":{"line":33,"column":4},"end":{"line":33,"column":11}},"14":{"start":{"line":35,"column":4},"end":{"line":35,"column":14}},"15":{"start":{"line":13,"column":13},"end":{"line":13,"column":48}},"16":{"start":{"line":39,"column":45},"end":{"line":55,"column":2}},"17":{"start":{"line":43,"column":4},"end":{"line":55,"column":2}},"18":{"start":{"line":44,"column":2},"end":{"line":54,"column":3}},"19":{"start":{"line":45,"column":17},"end":{"line":45,"column":48}},"20":{"start":{"line":47,"column":4},"end":{"line":49,"column":5}},"21":{"start":{"line":48,"column":6},"end":{"line":48,"column":34}},"22":{"start":{"line":51,"column":4},"end":{"line":51,"column":11}},"23":{"start":{"line":53,"column":4},"end":{"line":53,"column":14}},"24":{"start":{"line":39,"column":13},"end":{"line":39,"column":45}},"25":{"start":{"line":57,"column":46},"end":{"line":73,"column":2}},"26":{"start":{"line":61,"column":4},"end":{"line":73,"column":2}},"27":{"start":{"line":62,"column":2},"end":{"line":72,"column":3}},"28":{"start":{"line":63,"column":17},"end":{"line":63,"column":48}},"29":{"start":{"line":65,"column":4},"end":{"line":67,"column":5}},"30":{"start":{"line":66,"column":6},"end":{"line":66,"column":34}},"31":{"start":{"line":69,"column":4},"end":{"line":69,"column":11}},"32":{"start":{"line":71,"column":4},"end":{"line":71,"column":14}},"33":{"start":{"line":57,"column":13},"end":{"line":57,"column":46}}},"fnMap":{"0":{"name":"(anonymous_8)","decl":{"start":{"line":13,"column":48},"end":{"line":13,"column":null}},"loc":{"start":{"line":17,"column":4},"end":{"line":37,"column":2}}},"1":{"name":"(anonymous_9)","decl":{"start":{"line":17,"column":4},"end":{"line":17,"column":null}},"loc":{"start":{"line":17,"column":4},"end":{"line":37,"column":1}}},"2":{"name":"(anonymous_10)","decl":{"start":{"line":39,"column":45},"end":{"line":39,"column":null}},"loc":{"start":{"line":43,"column":4},"end":{"line":55,"column":2}}},"3":{"name":"(anonymous_11)","decl":{"start":{"line":43,"column":4},"end":{"line":43,"column":null}},"loc":{"start":{"line":43,"column":4},"end":{"line":55,"column":1}}},"4":{"name":"(anonymous_12)","decl":{"start":{"line":57,"column":46},"end":{"line":57,"column":null}},"loc":{"start":{"line":61,"column":4},"end":{"line":73,"column":2}}},"5":{"name":"(anonymous_13)","decl":{"start":{"line":61,"column":4},"end":{"line":61,"column":null}},"loc":{"start":{"line":61,"column":4},"end":{"line":73,"column":1}}}},"branchMap":{"0":{"loc":{"start":{"line":21,"column":4},"end":{"line":23,"column":5}},"type":"if","locations":[{"start":{"line":21,"column":4},"end":{"line":23,"column":5}}]},"1":{"loc":{"start":{"line":29,"column":4},"end":{"line":31,"column":5}},"type":"if","locations":[{"start":{"line":29,"column":4},"end":{"line":31,"column":5}}]},"2":{"loc":{"start":{"line":47,"column":4},"end":{"line":49,"column":5}},"type":"if","locations":[{"start":{"line":47,"column":4},"end":{"line":49,"column":5}}]},"3":{"loc":{"start":{"line":47,"column":8},"end":{"line":47,"column":37}},"type":"binary-expr","locations":[{"start":{"line":47,"column":8},"end":{"line":47,"column":13}},{"start":{"line":47,"column":17},"end":{"line":47,"column":37}}]},"4":{"loc":{"start":{"line":65,"column":4},"end":{"line":67,"column":5}},"type":"if","locations":[{"start":{"line":65,"column":4},"end":{"line":67,"column":5}}]},"5":{"loc":{"start":{"line":65,"column":8},"end":{"line":65,"column":38}},"type":"binary-expr","locations":[{"start":{"line":65,"column":8},"end":{"line":65,"column":13}},{"start":{"line":65,"column":17},"end":{"line":65,"column":38}}]}},"s":{"0":1,"1":1,"2":1,"3":0,"4":0,"5":0,"6":0,"7":0,"8":0,"9":0,"10":0,"11":0,"12":0,"13":0,"14":0,"15":1,"16":1,"17":0,"18":0,"19":0,"20":0,"21":0,"22":0,"23":0,"24":1,"25":1,"26":0,"27":0,"28":0,"29":0,"30":0,"31":0,"32":0,"33":1},"f":{"0":0,"1":0,"2":0,"3":0,"4":0,"5":0},"b":{"0":[0],"1":[0],"2":[0],"3":[0,0],"4":[0],"5":[0,0]}}
,"/Users/ziterz/Documents/IKEA/MERN-IKEA-app/server/src/middlewares/errorHandler.ts": {"path":"/Users/ziterz/Documents/IKEA/MERN-IKEA-app/server/src/middlewares/errorHandler.ts","statementMap":{"0":{"start":{"line":3,"column":49},"end":{"line":23,"column":1}},"1":{"start":{"line":9,"column":2},"end":{"line":9,"column":24}},"2":{"start":{"line":10,"column":2},"end":{"line":22,"column":3}},"3":{"start":{"line":13,"column":6},"end":{"line":13,"column":60}},"4":{"start":{"line":15,"column":6},"end":{"line":15,"column":63}},"5":{"start":{"line":17,"column":6},"end":{"line":17,"column":67}},"6":{"start":{"line":19,"column":6},"end":{"line":19,"column":60}},"7":{"start":{"line":21,"column":6},"end":{"line":21,"column":72}},"8":{"start":{"line":3,"column":13},"end":{"line":3,"column":49}}},"fnMap":{"0":{"name":"(anonymous_0)","decl":{"start":{"line":3,"column":49},"end":{"line":3,"column":null}},"loc":{"start":{"line":8,"column":4},"end":{"line":23,"column":1}}}},"branchMap":{"0":{"loc":{"start":{"line":10,"column":2},"end":{"line":22,"column":3}},"type":"switch","locations":[{"start":{"line":11,"column":4},"end":{"line":11,"column":27}},{"start":{"line":12,"column":4},"end":{"line":13,"column":60}},{"start":{"line":14,"column":4},"end":{"line":15,"column":63}},{"start":{"line":16,"column":4},"end":{"line":17,"column":67}},{"start":{"line":18,"column":4},"end":{"line":19,"column":60}},{"start":{"line":20,"column":4},"end":{"line":21,"column":72}}]}},"s":{"0":1,"1":10,"2":10,"3":10,"4":0,"5":0,"6":0,"7":0,"8":1},"f":{"0":10},"b":{"0":[6,10,0,0,0,0]}}
,"/Users/ziterz/Documents/IKEA/MERN-IKEA-app/server/src/models/Cart.model.ts": {"path":"/Users/ziterz/Documents/IKEA/MERN-IKEA-app/server/src/models/Cart.model.ts","statementMap":{"0":{"start":{"line":1,"column":0},"end":{"line":1,"column":41}},"1":{"start":{"line":4,"column":19},"end":{"line":20,"column":2}},"2":{"start":{"line":22,"column":13},"end":{"line":22,"column":53}}},"fnMap":{},"branchMap":{},"s":{"0":1,"1":1,"2":1},"f":{},"b":{}}
,"/Users/ziterz/Documents/IKEA/MERN-IKEA-app/server/src/models/Category.model.ts": {"path":"/Users/ziterz/Documents/IKEA/MERN-IKEA-app/server/src/models/Category.model.ts","statementMap":{"0":{"start":{"line":1,"column":0},"end":{"line":1,"column":41}},"1":{"start":{"line":4,"column":23},"end":{"line":7,"column":2}},"2":{"start":{"line":9,"column":13},"end":{"line":9,"column":69}}},"fnMap":{},"branchMap":{},"s":{"0":1,"1":1,"2":1},"f":{},"b":{}}
,"/Users/ziterz/Documents/IKEA/MERN-IKEA-app/server/src/models/Order.model.ts": {"path":"/Users/ziterz/Documents/IKEA/MERN-IKEA-app/server/src/models/Order.model.ts","statementMap":{"0":{"start":{"line":1,"column":0},"end":{"line":1,"column":41}},"1":{"start":{"line":4,"column":20},"end":{"line":23,"column":2}},"2":{"start":{"line":25,"column":13},"end":{"line":25,"column":57}}},"fnMap":{},"branchMap":{},"s":{"0":1,"1":1,"2":1},"f":{},"b":{}}
,"/Users/ziterz/Documents/IKEA/MERN-IKEA-app/server/src/models/Product.model.ts": {"path":"/Users/ziterz/Documents/IKEA/MERN-IKEA-app/server/src/models/Product.model.ts","statementMap":{"0":{"start":{"line":1,"column":0},"end":{"line":1,"column":41}},"1":{"start":{"line":4,"column":22},"end":{"line":15,"column":2}},"2":{"start":{"line":17,"column":13},"end":{"line":17,"column":65}}},"fnMap":{},"branchMap":{},"s":{"0":1,"1":1,"2":1},"f":{},"b":{}}
,"/Users/ziterz/Documents/IKEA/MERN-IKEA-app/server/src/models/User.model.ts": {"path":"/Users/ziterz/Documents/IKEA/MERN-IKEA-app/server/src/models/User.model.ts","statementMap":{"0":{"start":{"line":1,"column":0},"end":{"line":1,"column":41}},"1":{"start":{"line":2,"column":0},"end":{"line":2,"column":47}},"2":{"start":{"line":5,"column":19},"end":{"line":14,"column":2}},"3":{"start":{"line":16,"column":0},"end":{"line":21,"column":3}},"4":{"start":{"line":17,"column":2},"end":{"line":17,"column":21}},"5":{"start":{"line":18,"column":2},"end":{"line":18,"column":52}},"6":{"start":{"line":20,"column":2},"end":{"line":20,"column":16}},"7":{"start":{"line":23,"column":13},"end":{"line":23,"column":53}}},"fnMap":{"0":{"name":"(anonymous_7)","decl":{"start":{"line":16,"column":30},"end":{"line":16,"column":46}},"loc":{"start":{"line":16,"column":50},"end":{"line":21,"column":2}}}},"branchMap":{},"s":{"0":1,"1":1,"2":1,"3":1,"4":1,"5":1,"6":1,"7":1},"f":{"0":1},"b":{}}
,"/Users/ziterz/Documents/IKEA/MERN-IKEA-app/server/src/routes/cart.ts": {"path":"/Users/ziterz/Documents/IKEA/MERN-IKEA-app/server/src/routes/cart.ts","statementMap":{"0":{"start":{"line":1,"column":0},"end":{"line":1,"column":42}},"1":{"start":{"line":2,"column":0},"end":{"line":2,"column":61}},"2":{"start":{"line":3,"column":0},"end":{"line":3,"column":70}},"3":{"start":{"line":5,"column":21},"end":{"line":5,"column":37}},"4":{"start":{"line":7,"column":0},"end":{"line":7,"column":71}},"5":{"start":{"line":8,"column":0},"end":{"line":8,"column":68}},"6":{"start":{"line":9,"column":0},"end":{"line":9,"column":76}},"7":{"start":{"line":10,"column":0},"end":{"line":10,"column":77}},"8":{"start":{"line":11,"column":0},"end":{"line":11,"column":78}},"9":{"start":{"line":13,"column":0},"end":{"line":13,"column":20}}},"fnMap":{},"branchMap":{},"s":{"0":1,"1":1,"2":1,"3":1,"4":1,"5":1,"6":1,"7":1,"8":1,"9":1},"f":{},"b":{}}
,"/Users/ziterz/Documents/IKEA/MERN-IKEA-app/server/src/routes/category.ts": {"path":"/Users/ziterz/Documents/IKEA/MERN-IKEA-app/server/src/routes/category.ts","statementMap":{"0":{"start":{"line":1,"column":0},"end":{"line":1,"column":42}},"1":{"start":{"line":2,"column":0},"end":{"line":2,"column":65}},"2":{"start":{"line":3,"column":0},"end":{"line":3,"column":71}},"3":{"start":{"line":5,"column":25},"end":{"line":5,"column":41}},"4":{"start":{"line":7,"column":0},"end":{"line":7,"column":78}},"5":{"start":{"line":8,"column":0},"end":{"line":8,"column":45}},"6":{"start":{"line":9,"column":0},"end":{"line":9,"column":50}},"7":{"start":{"line":10,"column":0},"end":{"line":15,"column":2}},"8":{"start":{"line":16,"column":0},"end":{"line":21,"column":2}},"9":{"start":{"line":23,"column":0},"end":{"line":23,"column":24}}},"fnMap":{},"branchMap":{},"s":{"0":1,"1":1,"2":1,"3":1,"4":1,"5":1,"6":1,"7":1,"8":1,"9":1},"f":{},"b":{}}
,"/Users/ziterz/Documents/IKEA/MERN-IKEA-app/server/src/routes/order.ts": {"path":"/Users/ziterz/Documents/IKEA/MERN-IKEA-app/server/src/routes/order.ts","statementMap":{"0":{"start":{"line":1,"column":0},"end":{"line":1,"column":42}},"1":{"start":{"line":2,"column":0},"end":{"line":2,"column":62}},"2":{"start":{"line":3,"column":0},"end":{"line":3,"column":70}},"3":{"start":{"line":5,"column":22},"end":{"line":5,"column":38}},"4":{"start":{"line":7,"column":0},"end":{"line":7,"column":71}},"5":{"start":{"line":8,"column":0},"end":{"line":8,"column":77}},"6":{"start":{"line":10,"column":0},"end":{"line":10,"column":21}}},"fnMap":{},"branchMap":{},"s":{"0":1,"1":1,"2":1,"3":1,"4":1,"5":1,"6":1},"f":{},"b":{}}
,"/Users/ziterz/Documents/IKEA/MERN-IKEA-app/server/src/routes/product.ts": {"path":"/Users/ziterz/Documents/IKEA/MERN-IKEA-app/server/src/routes/product.ts","statementMap":{"0":{"start":{"line":1,"column":0},"end":{"line":1,"column":42}},"1":{"start":{"line":2,"column":0},"end":{"line":2,"column":64}},"2":{"start":{"line":3,"column":0},"end":{"line":3,"column":71}},"3":{"start":{"line":5,"column":24},"end":{"line":5,"column":40}},"4":{"start":{"line":7,"column":0},"end":{"line":7,"column":76}},"5":{"start":{"line":8,"column":0},"end":{"line":8,"column":42}},"6":{"start":{"line":9,"column":0},"end":{"line":9,"column":48}},"7":{"start":{"line":10,"column":0},"end":{"line":15,"column":2}},"8":{"start":{"line":16,"column":0},"end":{"line":21,"column":2}},"9":{"start":{"line":23,"column":0},"end":{"line":23,"column":23}}},"fnMap":{},"branchMap":{},"s":{"0":1,"1":1,"2":1,"3":1,"4":1,"5":1,"6":1,"7":1,"8":1,"9":1},"f":{},"b":{}}
,"/Users/ziterz/Documents/IKEA/MERN-IKEA-app/server/src/routes/user.ts": {"path":"/Users/ziterz/Documents/IKEA/MERN-IKEA-app/server/src/routes/user.ts","statementMap":{"0":{"start":{"line":1,"column":0},"end":{"line":1,"column":42}},"1":{"start":{"line":2,"column":0},"end":{"line":2,"column":61}},"2":{"start":{"line":4,"column":21},"end":{"line":4,"column":37}},"3":{"start":{"line":6,"column":0},"end":{"line":6,"column":45}},"4":{"start":{"line":7,"column":0},"end":{"line":7,"column":39}},"5":{"start":{"line":9,"column":0},"end":{"line":9,"column":20}}},"fnMap":{},"branchMap":{},"s":{"0":1,"1":1,"2":1,"3":1,"4":1,"5":1},"f":{},"b":{}}
,"/Users/ziterz/Documents/IKEA/MERN-IKEA-app/server/src/utils/bcrypt.ts": {"path":"/Users/ziterz/Documents/IKEA/MERN-IKEA-app/server/src/utils/bcrypt.ts","statementMap":{"0":{"start":{"line":1,"column":0},"end":{"line":1,"column":28}},"1":{"start":{"line":3,"column":28},"end":{"line":5,"column":2}},"2":{"start":{"line":3,"column":72},"end":{"line":5,"column":2}},"3":{"start":{"line":4,"column":2},"end":{"line":4,"column":41}},"4":{"start":{"line":3,"column":13},"end":{"line":3,"column":28}},"5":{"start":{"line":7,"column":31},"end":{"line":12,"column":2}},"6":{"start":{"line":10,"column":22},"end":{"line":12,"column":2}},"7":{"start":{"line":11,"column":2},"end":{"line":11,"column":56}},"8":{"start":{"line":7,"column":13},"end":{"line":7,"column":31}}},"fnMap":{"0":{"name":"(anonymous_8)","decl":{"start":{"line":3,"column":28},"end":{"line":3,"column":35}},"loc":{"start":{"line":3,"column":72},"end":{"line":5,"column":2}}},"1":{"name":"(anonymous_9)","decl":{"start":{"line":3,"column":72},"end":{"line":3,"column":null}},"loc":{"start":{"line":3,"column":72},"end":{"line":5,"column":1}}},"2":{"name":"(anonymous_10)","decl":{"start":{"line":7,"column":31},"end":{"line":7,"column":null}},"loc":{"start":{"line":10,"column":22},"end":{"line":12,"column":2}}},"3":{"name":"(anonymous_11)","decl":{"start":{"line":10,"column":22},"end":{"line":10,"column":null}},"loc":{"start":{"line":10,"column":22},"end":{"line":12,"column":1}}}},"branchMap":{},"s":{"0":1,"1":1,"2":1,"3":1,"4":1,"5":1,"6":0,"7":0,"8":1},"f":{"0":1,"1":1,"2":0,"3":0},"b":{}}
,"/Users/ziterz/Documents/IKEA/MERN-IKEA-app/server/src/utils/jwt.ts": {"path":"/Users/ziterz/Documents/IKEA/MERN-IKEA-app/server/src/utils/jwt.ts","statementMap":{"0":{"start":{"line":1,"column":0},"end":{"line":1,"column":31}},"1":{"start":{"line":3,"column":29},"end":{"line":7,"column":1}},"2":{"start":{"line":4,"column":2},"end":{"line":6,"column":5}},"3":{"start":{"line":3,"column":13},"end":{"line":3,"column":29}},"4":{"start":{"line":9,"column":27},"end":{"line":11,"column":1}},"5":{"start":{"line":10,"column":2},"end":{"line":10,"column":52}},"6":{"start":{"line":9,"column":13},"end":{"line":9,"column":27}}},"fnMap":{"0":{"name":"(anonymous_1)","decl":{"start":{"line":3,"column":29},"end":{"line":3,"column":30}},"loc":{"start":{"line":3,"column":64},"end":{"line":7,"column":1}}},"1":{"name":"(anonymous_2)","decl":{"start":{"line":9,"column":27},"end":{"line":9,"column":28}},"loc":{"start":{"line":9,"column":45},"end":{"line":11,"column":1}}}},"branchMap":{},"s":{"0":1,"1":1,"2":0,"3":1,"4":1,"5":0,"6":1},"f":{"0":0,"1":0},"b":{}}
}
