TN:
SF:src/app.ts
FN:21,(anonymous_14)
FN:21,(anonymous_15)
FN:26,(anonymous_16)
FNF:3
FNH:2
FNDA:1,(anonymous_14)
FNDA:1,(anonymous_15)
FNDA:0,(anonymous_16)
DA:1,1
DA:2,1
DA:3,1
DA:4,1
DA:5,1
DA:6,1
DA:7,1
DA:8,1
DA:9,1
DA:10,1
DA:12,1
DA:14,1
DA:21,1
DA:22,1
DA:23,1
DA:26,1
DA:28,1
DA:29,1
DA:30,1
DA:31,1
DA:32,1
DA:33,1
DA:34,1
DA:35,1
DA:36,1
DA:37,1
DA:39,1
LF:27
LH:27
BRF:0
BRH:0
end_of_record
TN:
SF:src/controllers/cartController.ts
FN:9,(anonymous_7)
FN:13,(anonymous_8)
FN:39,(anonymous_9)
FN:67,(anonymous_10)
FN:71,(anonymous_11)
FN:87,(anonymous_12)
FN:91,(anonymous_13)
FN:134,(anonymous_14)
FN:138,(anonymous_15)
FN:156,(anonymous_16)
FN:160,(anonymous_17)
FN:179,(anonymous_18)
FN:206,(anonymous_19)
FNF:13
FNH:0
FNDA:0,(anonymous_7)
FNDA:0,(anonymous_8)
FNDA:0,(anonymous_9)
FNDA:0,(anonymous_10)
FNDA:0,(anonymous_11)
FNDA:0,(anonymous_12)
FNDA:0,(anonymous_13)
FNDA:0,(anonymous_14)
FNDA:0,(anonymous_15)
FNDA:0,(anonymous_16)
FNDA:0,(anonymous_17)
FNDA:0,(anonymous_18)
FNDA:0,(anonymous_19)
DA:2,1
DA:3,1
DA:4,1
DA:7,1
DA:9,1
DA:13,0
DA:14,0
DA:15,0
DA:17,0
DA:19,0
DA:20,0
DA:23,0
DA:27,0
DA:28,0
DA:31,0
DA:33,0
DA:34,0
DA:39,0
DA:40,0
DA:50,0
DA:59,0
DA:63,0
DA:67,1
DA:71,0
DA:72,0
DA:73,0
DA:77,0
DA:78,0
DA:81,0
DA:83,0
DA:87,1
DA:91,0
DA:92,0
DA:93,0
DA:95,0
DA:97,0
DA:98,0
DA:101,0
DA:103,0
DA:104,0
DA:107,0
DA:108,0
DA:115,0
DA:126,0
DA:130,0
DA:134,1
DA:138,0
DA:139,0
DA:140,0
DA:142,0
DA:143,0
DA:146,0
DA:148,0
DA:152,0
DA:156,1
DA:160,0
DA:161,0
DA:162,0
DA:164,0
DA:165,0
DA:167,0
DA:168,0
DA:171,0
DA:175,0
DA:176,0
DA:179,0
DA:181,0
DA:182,0
DA:184,0
DA:185,0
DA:192,0
DA:198,0
DA:206,0
DA:207,0
DA:210,0
DA:218,0
DA:220,0
DA:221,0
DA:223,0
DA:227,0
DA:228,0
DA:230,0
LF:82
LH:9
BRDA:19,0,0,0
BRDA:27,1,0,0
BRDA:33,2,0,0
BRDA:33,2,1,0
BRDA:39,3,0,0
BRDA:39,3,1,0
BRDA:77,4,0,0
BRDA:97,5,0,0
BRDA:103,6,0,0
BRDA:107,7,0,0
BRDA:107,7,1,0
BRDA:142,8,0,0
BRDA:167,9,0,0
BRDA:175,10,0,0
BRDA:184,11,0,0
BRF:15
BRH:0
end_of_record
TN:
SF:src/controllers/categoryController.ts
FN:4,(anonymous_7)
FN:8,(anonymous_8)
FN:25,(anonymous_9)
FN:29,(anonymous_10)
FN:39,(anonymous_11)
FN:43,(anonymous_12)
FN:58,(anonymous_13)
FN:62,(anonymous_14)
FN:85,(anonymous_15)
FN:89,(anonymous_16)
FNF:10
FNH:0
FNDA:0,(anonymous_7)
FNDA:0,(anonymous_8)
FNDA:0,(anonymous_9)
FNDA:0,(anonymous_10)
FNDA:0,(anonymous_11)
FNDA:0,(anonymous_12)
FNDA:0,(anonymous_13)
FNDA:0,(anonymous_14)
FNDA:0,(anonymous_15)
FNDA:0,(anonymous_16)
DA:2,1
DA:4,1
DA:8,0
DA:9,0
DA:10,0
DA:11,0
DA:16,0
DA:21,0
DA:25,1
DA:29,0
DA:30,0
DA:31,0
DA:33,0
DA:35,0
DA:39,1
DA:43,0
DA:44,0
DA:45,0
DA:46,0
DA:48,0
DA:49,0
DA:52,0
DA:54,0
DA:58,1
DA:62,0
DA:63,0
DA:64,0
DA:65,0
DA:66,0
DA:72,0
DA:73,0
DA:76,0
DA:81,0
DA:85,1
DA:89,0
DA:90,0
DA:91,0
DA:92,0
DA:94,0
DA:95,0
DA:98,0
DA:100,0
LF:42
LH:6
BRDA:48,0,0,0
BRDA:72,1,0,0
BRDA:94,2,0,0
BRF:3
BRH:0
end_of_record
TN:
SF:src/controllers/orderController.ts
FN:3,(anonymous_7)
FN:7,(anonymous_8)
FN:9,(anonymous_9)
FN:13,(anonymous_10)
FNF:4
FNH:0
FNDA:0,(anonymous_7)
FNDA:0,(anonymous_8)
FNDA:0,(anonymous_9)
FNDA:0,(anonymous_10)
DA:3,1
DA:7,0
DA:9,1
DA:13,0
LF:4
LH:2
BRF:0
BRH:0
end_of_record
TN:
SF:src/controllers/productController.ts
FN:4,(anonymous_7)
FN:8,(anonymous_8)
FN:18,(anonymous_9)
FN:29,(anonymous_10)
FN:33,(anonymous_11)
FN:43,(anonymous_12)
FN:47,(anonymous_13)
FN:62,(anonymous_14)
FN:66,(anonymous_15)
FN:86,(anonymous_16)
FN:90,(anonymous_17)
FNF:11
FNH:0
FNDA:0,(anonymous_7)
FNDA:0,(anonymous_8)
FNDA:0,(anonymous_9)
FNDA:0,(anonymous_10)
FNDA:0,(anonymous_11)
FNDA:0,(anonymous_12)
FNDA:0,(anonymous_13)
FNDA:0,(anonymous_14)
FNDA:0,(anonymous_15)
FNDA:0,(anonymous_16)
FNDA:0,(anonymous_17)
DA:2,1
DA:4,1
DA:8,0
DA:9,0
DA:10,0
DA:11,0
DA:18,0
DA:20,0
DA:25,0
DA:29,1
DA:33,0
DA:34,0
DA:35,0
DA:37,0
DA:39,0
DA:43,1
DA:47,0
DA:48,0
DA:49,0
DA:50,0
DA:52,0
DA:53,0
DA:56,0
DA:58,0
DA:62,1
DA:66,0
DA:67,0
DA:68,0
DA:69,0
DA:70,0
DA:76,0
DA:77,0
DA:80,0
DA:82,0
DA:86,1
DA:90,0
DA:91,0
DA:92,0
DA:93,0
DA:95,0
DA:96,0
DA:99,0
DA:101,0
LF:43
LH:6
BRDA:52,0,0,0
BRDA:76,1,0,0
BRDA:95,2,0,0
BRF:3
BRH:0
end_of_record
TN:
SF:src/controllers/userController.ts
FN:15,(anonymous_7)
FN:19,(anonymous_8)
FN:73,(anonymous_9)
FN:77,(anonymous_10)
FNF:4
FNH:2
FNDA:11,(anonymous_7)
FNDA:11,(anonymous_8)
FNDA:0,(anonymous_9)
FNDA:0,(anonymous_10)
DA:2,1
DA:3,1
DA:4,1
DA:15,1
DA:19,11
DA:20,11
DA:31,11
DA:33,11
DA:37,11
DA:38,1
DA:41,10
DA:42,3
DA:45,7
DA:56,1
DA:69,10
DA:73,1
DA:77,0
DA:78,0
DA:79,0
DA:81,0
DA:83,0
DA:84,0
DA:87,0
DA:92,0
DA:93,0
DA:96,0
DA:98,0
DA:102,0
DA:115,0
LF:29
LH:16
BRDA:37,0,0,1
BRDA:41,1,0,3
BRDA:83,2,0,0
BRDA:92,3,0,0
BRF:4
BRH:2
end_of_record
TN:
SF:src/middlewares/auth.ts
FN:13,(anonymous_8)
FN:17,(anonymous_9)
FN:39,(anonymous_10)
FN:43,(anonymous_11)
FN:57,(anonymous_12)
FN:61,(anonymous_13)
FNF:6
FNH:0
FNDA:0,(anonymous_8)
FNDA:0,(anonymous_9)
FNDA:0,(anonymous_10)
FNDA:0,(anonymous_11)
FNDA:0,(anonymous_12)
FNDA:0,(anonymous_13)
DA:2,1
DA:3,1
DA:13,1
DA:17,0
DA:18,0
DA:19,0
DA:21,0
DA:22,0
DA:25,0
DA:26,0
DA:27,0
DA:29,0
DA:30,0
DA:33,0
DA:35,0
DA:39,1
DA:43,0
DA:44,0
DA:45,0
DA:47,0
DA:48,0
DA:51,0
DA:53,0
DA:57,1
DA:61,0
DA:62,0
DA:63,0
DA:65,0
DA:66,0
DA:69,0
DA:71,0
LF:31
LH:5
BRDA:21,0,0,0
BRDA:29,1,0,0
BRDA:47,2,0,0
BRDA:47,3,0,0
BRDA:47,3,1,0
BRDA:65,4,0,0
BRDA:65,5,0,0
BRDA:65,5,1,0
BRF:8
BRH:0
end_of_record
TN:
SF:src/middlewares/errorHandler.ts
FN:3,(anonymous_0)
FNF:1
FNH:1
FNDA:10,(anonymous_0)
DA:3,1
DA:9,10
DA:10,10
DA:13,10
DA:15,0
DA:17,0
DA:19,0
DA:21,0
LF:8
LH:4
BRDA:10,0,0,6
BRDA:10,0,1,10
BRDA:10,0,2,0
BRDA:10,0,3,0
BRDA:10,0,4,0
BRDA:10,0,5,0
BRF:6
BRH:2
end_of_record
TN:
SF:src/models/Cart.model.ts
FNF:0
FNH:0
DA:1,1
DA:4,1
DA:22,1
LF:3
LH:3
BRF:0
BRH:0
end_of_record
TN:
SF:src/models/Category.model.ts
FNF:0
FNH:0
DA:1,1
DA:4,1
DA:9,1
LF:3
LH:3
BRF:0
BRH:0
end_of_record
TN:
SF:src/models/Order.model.ts
FNF:0
FNH:0
DA:1,1
DA:4,1
DA:25,1
LF:3
LH:3
BRF:0
BRH:0
end_of_record
TN:
SF:src/models/Product.model.ts
FNF:0
FNH:0
DA:1,1
DA:4,1
DA:17,1
LF:3
LH:3
BRF:0
BRH:0
end_of_record
TN:
SF:src/models/User.model.ts
FN:16,(anonymous_7)
FNF:1
FNH:1
FNDA:1,(anonymous_7)
DA:1,1
DA:2,1
DA:5,1
DA:16,1
DA:17,1
DA:18,1
DA:20,1
DA:23,1
LF:8
LH:8
BRF:0
BRH:0
end_of_record
TN:
SF:src/routes/cart.ts
FNF:0
FNH:0
DA:1,1
DA:2,1
DA:3,1
DA:5,1
DA:7,1
DA:8,1
DA:9,1
DA:10,1
DA:11,1
DA:13,1
LF:10
LH:10
BRF:0
BRH:0
end_of_record
TN:
SF:src/routes/category.ts
FNF:0
FNH:0
DA:1,1
DA:2,1
DA:3,1
DA:5,1
DA:7,1
DA:8,1
DA:9,1
DA:10,1
DA:16,1
DA:23,1
LF:10
LH:10
BRF:0
BRH:0
end_of_record
TN:
SF:src/routes/order.ts
FNF:0
FNH:0
DA:1,1
DA:2,1
DA:3,1
DA:5,1
DA:7,1
DA:8,1
DA:10,1
LF:7
LH:7
BRF:0
BRH:0
end_of_record
TN:
SF:src/routes/product.ts
FNF:0
FNH:0
DA:1,1
DA:2,1
DA:3,1
DA:5,1
DA:7,1
DA:8,1
DA:9,1
DA:10,1
DA:16,1
DA:23,1
LF:10
LH:10
BRF:0
BRH:0
end_of_record
TN:
SF:src/routes/user.ts
FNF:0
FNH:0
DA:1,1
DA:2,1
DA:4,1
DA:6,1
DA:7,1
DA:9,1
LF:6
LH:6
BRF:0
BRH:0
end_of_record
TN:
SF:src/utils/bcrypt.ts
FN:3,(anonymous_8)
FN:3,(anonymous_9)
FN:7,(anonymous_10)
FN:10,(anonymous_11)
FNF:4
FNH:2
FNDA:1,(anonymous_8)
FNDA:1,(anonymous_9)
FNDA:0,(anonymous_10)
FNDA:0,(anonymous_11)
DA:1,1
DA:3,1
DA:4,1
DA:7,1
DA:10,0
DA:11,0
LF:6
LH:4
BRF:0
BRH:0
end_of_record
TN:
SF:src/utils/jwt.ts
FN:3,(anonymous_1)
FN:9,(anonymous_2)
FNF:2
FNH:0
FNDA:0,(anonymous_1)
FNDA:0,(anonymous_2)
DA:1,1
DA:3,1
DA:4,0
DA:9,1
DA:10,0
LF:5
LH:3
BRF:0
BRH:0
end_of_record
